2025-05-20 08:03:07 - Using device: cuda
2025-05-20 08:04:55 - Round [1/30], Loss: 0.0713
2025-05-20 08:04:56 - Val loss: 1.3448
2025-05-20 08:05:04 - Round [2/30], Loss: 0.0307
2025-05-20 08:05:05 - Val loss: 0.9101
2025-05-20 08:05:14 - Round [3/30], Loss: 0.0228
2025-05-20 08:05:15 - Val loss: 0.6917
2025-05-20 08:05:23 - Round [4/30], Loss: 0.0190
2025-05-20 08:05:24 - Val loss: 0.6190
2025-05-20 08:05:33 - Round [5/30], Loss: 0.0166
2025-05-20 08:05:34 - Val loss: 0.5441
2025-05-20 08:05:42 - Round [6/30], Loss: 0.0150
2025-05-20 08:05:43 - Val loss: 0.5034
2025-05-20 08:05:52 - Round [7/30], Loss: 0.0138
2025-05-20 08:05:52 - Val loss: 0.4620
2025-05-20 08:06:01 - Round [8/30], Loss: 0.0128
2025-05-20 08:06:02 - Val loss: 0.4293
2025-05-20 08:06:11 - Round [9/30], Loss: 0.0121
2025-05-20 08:06:12 - Val loss: 0.4009
2025-05-20 08:06:21 - Round [10/30], Loss: 0.0115
2025-05-20 08:06:21 - Val loss: 0.3745
2025-05-20 08:06:30 - Round [11/30], Loss: 0.0109
2025-05-20 08:06:31 - Val loss: 0.3828
2025-05-20 08:06:40 - Round [12/30], Loss: 0.0104
2025-05-20 08:06:41 - Val loss: 0.3536
2025-05-20 08:06:50 - Round [13/30], Loss: 0.0100
2025-05-20 08:06:50 - Val loss: 0.3382
2025-05-20 08:06:59 - Round [14/30], Loss: 0.0097
2025-05-20 08:07:00 - Val loss: 0.3253
2025-05-20 08:07:08 - Round [15/30], Loss: 0.0094
2025-05-20 08:07:09 - Val loss: 0.3235
2025-05-20 08:07:17 - Round [16/30], Loss: 0.0091
2025-05-20 08:07:18 - Val loss: 0.3107
2025-05-20 08:07:26 - Round [17/30], Loss: 0.0089
2025-05-20 08:07:27 - Val loss: 0.3151
2025-05-20 08:07:35 - Round [18/30], Loss: 0.0086
2025-05-20 08:07:36 - Val loss: 0.2999
2025-05-20 08:07:45 - Round [19/30], Loss: 0.0084
2025-05-20 08:07:45 - Val loss: 0.2838
2025-05-20 08:07:54 - Round [20/30], Loss: 0.0082
2025-05-20 08:07:55 - Val loss: 0.2799
2025-05-20 08:08:04 - Round [21/30], Loss: 0.0080
2025-05-20 08:08:05 - Val loss: 0.2872
2025-05-20 08:08:14 - Round [22/30], Loss: 0.0079
2025-05-20 08:08:14 - Val loss: 0.2760
2025-05-20 08:08:23 - Round [23/30], Loss: 0.0077
2025-05-20 08:08:24 - Val loss: 0.2866
2025-05-20 08:08:32 - Round [24/30], Loss: 0.0076
2025-05-20 08:08:32 - Val loss: 0.2666
2025-05-20 08:08:41 - Round [25/30], Loss: 0.0075
2025-05-20 08:08:42 - Val loss: 0.2761
2025-05-20 08:08:50 - Round [26/30], Loss: 0.0073
2025-05-20 08:08:50 - Val loss: 0.2524
2025-05-20 08:08:59 - Round [27/30], Loss: 0.0072
2025-05-20 08:08:59 - Val loss: 0.2549
2025-05-20 08:09:08 - Round [28/30], Loss: 0.0071
2025-05-20 08:09:08 - Val loss: 0.2456
2025-05-20 08:09:17 - Round [29/30], Loss: 0.0070
2025-05-20 08:09:17 - Val loss: 0.2525
2025-05-20 08:09:26 - Round [30/30], Loss: 0.0069
2025-05-20 08:09:27 - Val loss: 0.2360
2025-05-20 08:09:29 - Model saved to build\output_model.pth
2025-05-20 08:09:29 - Model saved to build\quant_output_model.pth
